2022-11-26 22:05:22,888 - train_ssd.py[131] - INFO : Use Cuda.
2022-11-26 22:05:22,898 - train_ssd.py[225] - INFO : Namespace(balance_data=False, base_net=None, base_net_lr=None, batch_size=16, checkbest_epochs=5, checkpoint_folder='./models/', dataset_type='voc', datasets=['D:\\pytorch_ssd\\data\\VOCdevkit\\mask_datas'], debug_steps=100, extra_layers_lr=None, freeze_base_net=False, freeze_net=False, gamma=0.1, gpu_ids='0', last_epoch=-1, lr=0.001, mb2_width_mult=1.0, mb3_width_mult=1.0, milestones='80,100', momentum=0.9, net='mb3l-ssd-lite', num_epochs=120, num_workers=1, pretrained_ssd=None, resume=None, scheduler='multi-step', t_max=120, use_cuda=True, validation_dataset='D:\\pytorch_ssd\\data\\VOCdevkit\\mask_datas', validation_epochs=5, weight_decay=0.0005)
2022-11-26 22:05:22,900 - train_ssd.py[241] - INFO : Use GPU 0([0]).
2022-11-26 22:05:22,901 - train_ssd.py[261] - INFO : Prepare training datasets.
2022-11-26 22:05:22,923 - voc_dataset.py[45] - INFO : No labels file, using default VOC classes.
2022-11-26 22:05:22,926 - train_ssd.py[274] - INFO : Stored labels into file ./models/voc-model-labels.txt.
2022-11-26 22:05:22,926 - train_ssd.py[275] - INFO : Train dataset size: 37507
2022-11-26 22:33:13,895 - train_ssd.py[302] - INFO : Prepare Validation datasets.
2022-11-26 22:33:13,902 - voc_dataset.py[45] - INFO : No labels file, using default VOC classes.
2022-11-26 22:33:13,903 - train_ssd.py[307] - INFO : validation dataset size: 4213
2022-11-26 22:33:13,903 - train_ssd.py[310] - INFO : Build network.
2022-11-26 22:33:17,696 - train_ssd.py[363] - INFO : Took 0.00 seconds to load the model.
2022-11-26 22:33:17,783 - train_ssd.py[375] - INFO : Learning rate: 0.001, Base net learning rate: 0.001, Extra Layers learning rate: 0.001.
2022-11-26 22:33:17,783 - train_ssd.py[378] - INFO : Uses MultiStepLR scheduler.
2022-11-26 22:33:18,235 - train_ssd.py[404] - INFO : Model Save Folder In ./models/mb3l-ssd-lite-2211262205.
2022-11-26 22:33:18,236 - train_ssd.py[405] - INFO : Start training from epoch 0.
2022-11-26 22:34:54,188 - train_ssd.py[175] - INFO : Epoch: 0, Step: 100, Average Loss: 8.9920, Average Regression Loss 3.3281, Average Classification Loss: 5.6640 
2022-11-26 22:36:15,332 - train_ssd.py[175] - INFO : Epoch: 0, Step: 200, Average Loss: 7.4009, Average Regression Loss 3.0661, Average Classification Loss: 4.3348 
2022-11-26 22:37:38,838 - train_ssd.py[175] - INFO : Epoch: 0, Step: 300, Average Loss: 6.9628, Average Regression Loss 2.9152, Average Classification Loss: 4.0477 
2022-11-26 22:39:01,939 - train_ssd.py[175] - INFO : Epoch: 0, Step: 400, Average Loss: 6.5844, Average Regression Loss 2.6957, Average Classification Loss: 3.8887 
2022-11-26 22:40:24,817 - train_ssd.py[175] - INFO : Epoch: 0, Step: 500, Average Loss: 6.2395, Average Regression Loss 2.4691, Average Classification Loss: 3.7703 
2022-11-26 22:41:55,805 - train_ssd.py[175] - INFO : Epoch: 0, Step: 600, Average Loss: 6.0029, Average Regression Loss 2.3456, Average Classification Loss: 3.6572 
2022-11-26 22:43:20,707 - train_ssd.py[175] - INFO : Epoch: 0, Step: 700, Average Loss: 5.7411, Average Regression Loss 2.1844, Average Classification Loss: 3.5566 
2022-11-26 22:44:43,131 - train_ssd.py[175] - INFO : Epoch: 0, Step: 800, Average Loss: 5.5859, Average Regression Loss 2.1497, Average Classification Loss: 3.4362 
2022-11-26 22:46:06,450 - train_ssd.py[175] - INFO : Epoch: 0, Step: 900, Average Loss: 5.4760, Average Regression Loss 2.0702, Average Classification Loss: 3.4057 
2022-11-26 22:47:28,819 - train_ssd.py[175] - INFO : Epoch: 0, Step: 1000, Average Loss: 5.3077, Average Regression Loss 2.0023, Average Classification Loss: 3.3054 
2022-11-26 22:48:50,322 - train_ssd.py[175] - INFO : Epoch: 0, Step: 1100, Average Loss: 5.1347, Average Regression Loss 1.8871, Average Classification Loss: 3.2475 
2022-11-26 22:50:13,272 - train_ssd.py[175] - INFO : Epoch: 0, Step: 1200, Average Loss: 5.0306, Average Regression Loss 1.8176, Average Classification Loss: 3.2130 
2022-11-26 22:51:45,236 - train_ssd.py[175] - INFO : Epoch: 0, Step: 1300, Average Loss: 5.0441, Average Regression Loss 1.8842, Average Classification Loss: 3.1599 
2022-11-26 22:53:19,709 - train_ssd.py[175] - INFO : Epoch: 0, Step: 1400, Average Loss: 4.8885, Average Regression Loss 1.7602, Average Classification Loss: 3.1283 
2022-11-26 22:54:57,285 - train_ssd.py[175] - INFO : Epoch: 0, Step: 1500, Average Loss: 4.9017, Average Regression Loss 1.7917, Average Classification Loss: 3.1100 
2022-11-26 22:56:31,915 - train_ssd.py[175] - INFO : Epoch: 0, Step: 1600, Average Loss: 4.7154, Average Regression Loss 1.6419, Average Classification Loss: 3.0734 
2022-11-26 22:58:06,739 - train_ssd.py[175] - INFO : Epoch: 0, Step: 1700, Average Loss: 4.6746, Average Regression Loss 1.6628, Average Classification Loss: 3.0118 
2022-11-26 22:59:43,915 - train_ssd.py[175] - INFO : Epoch: 0, Step: 1800, Average Loss: 4.6717, Average Regression Loss 1.6541, Average Classification Loss: 3.0176 
2022-11-26 23:01:14,172 - train_ssd.py[175] - INFO : Epoch: 0, Step: 1900, Average Loss: 4.5715, Average Regression Loss 1.5957, Average Classification Loss: 2.9758 
2022-11-26 23:02:50,202 - train_ssd.py[175] - INFO : Epoch: 0, Step: 2000, Average Loss: 4.5329, Average Regression Loss 1.5608, Average Classification Loss: 2.9721 
2022-11-26 23:04:20,252 - train_ssd.py[175] - INFO : Epoch: 0, Step: 2100, Average Loss: 4.5154, Average Regression Loss 1.5606, Average Classification Loss: 2.9548 
2022-11-26 23:05:53,300 - train_ssd.py[175] - INFO : Epoch: 0, Step: 2200, Average Loss: 4.5170, Average Regression Loss 1.5538, Average Classification Loss: 2.9632 
2022-11-26 23:07:26,529 - train_ssd.py[175] - INFO : Epoch: 0, Step: 2300, Average Loss: 4.3100, Average Regression Loss 1.4642, Average Classification Loss: 2.8458 
2022-11-26 23:08:08,045 - train_ssd.py[418] - INFO : Saved model ./models/mb3l-ssd-lite-2211262205\mb3l-ssd-lite-state-Epoch-0.pth
